0 info it worked if it ends with ok
1 verbose cli [ '/usr/bin/nodejs', '/usr/bin/npm', 'install', '-g', 'ionic' ]
2 info using npm@1.3.10
3 info using node@v0.10.25
4 verbose cache add [ 'ionic', null ]
5 verbose cache add name=undefined spec="ionic" args=["ionic",null]
6 verbose parsed url { protocol: null,
6 verbose parsed url   slashes: null,
6 verbose parsed url   auth: null,
6 verbose parsed url   host: null,
6 verbose parsed url   port: null,
6 verbose parsed url   hostname: null,
6 verbose parsed url   hash: null,
6 verbose parsed url   search: null,
6 verbose parsed url   query: null,
6 verbose parsed url   pathname: 'ionic',
6 verbose parsed url   path: 'ionic',
6 verbose parsed url   href: 'ionic' }
7 silly lockFile 00d10074-ionic ionic
8 verbose lock ionic /home/pinetech/.npm/00d10074-ionic.lock
9 silly lockFile 00d10074-ionic ionic
10 silly lockFile 00d10074-ionic ionic
11 verbose addNamed [ 'ionic', '' ]
12 verbose addNamed [ null, '*' ]
13 silly lockFile 966fc04a-ionic ionic@
14 verbose lock ionic@ /home/pinetech/.npm/966fc04a-ionic.lock
15 silly addNameRange { name: 'ionic', range: '*', hasData: false }
16 verbose url raw ionic
17 verbose url resolving [ 'https://registry.npmjs.org/', './ionic' ]
18 verbose url resolved https://registry.npmjs.org/ionic
19 info trying registry request attempt 1 at 14:50:40
20 verbose etag "3RK6YE5L1SM57Q28YTK1VEFJZ"
21 http GET https://registry.npmjs.org/ionic
22 http 200 https://registry.npmjs.org/ionic
23 silly registry.get cb [ 200,
23 silly registry.get   { server: 'CouchDB/1.5.0 (Erlang OTP/R16B03)',
23 silly registry.get     etag: '"9FGH7TJ77QVPQ1KHA849I1YE7"',
23 silly registry.get     'content-type': 'application/json',
23 silly registry.get     'cache-control': 'max-age=60',
23 silly registry.get     'content-length': '442625',
23 silly registry.get     'accept-ranges': 'bytes',
23 silly registry.get     date: 'Wed, 22 Jul 2015 09:20:40 GMT',
23 silly registry.get     via: '1.1 varnish',
23 silly registry.get     age: '0',
23 silly registry.get     connection: 'keep-alive',
23 silly registry.get     'x-served-by': 'cache-sin6923-SIN',
23 silly registry.get     'x-cache': 'HIT',
23 silly registry.get     'x-cache-hits': '1',
23 silly registry.get     'x-timer': 'S1437556840.401893,VS0,VE216',
23 silly registry.get     vary: 'Accept' } ]
24 silly addNameRange number 2 { name: 'ionic', range: '*', hasData: true }
25 silly addNameRange versions [ 'ionic',
25 silly addNameRange   [ '0.9.6',
25 silly addNameRange     '0.9.8',
25 silly addNameRange     '0.9.9',
25 silly addNameRange     '0.9.10',
25 silly addNameRange     '0.9.11',
25 silly addNameRange     '0.9.12',
25 silly addNameRange     '0.9.13',
25 silly addNameRange     '0.9.14',
25 silly addNameRange     '0.9.15',
25 silly addNameRange     '0.9.16',
25 silly addNameRange     '1.0.0-beta.1',
25 silly addNameRange     '1.0.0-beta',
25 silly addNameRange     '1.0.1-beta',
25 silly addNameRange     '1.0.3-beta',
25 silly addNameRange     '1.0.4',
25 silly addNameRange     '1.0.5',
25 silly addNameRange     '1.0.6',
25 silly addNameRange     '1.0.7',
25 silly addNameRange     '1.0.8',
25 silly addNameRange     '1.0.9',
25 silly addNameRange     '1.0.10',
25 silly addNameRange     '1.0.11',
25 silly addNameRange     '1.0.12',
25 silly addNameRange     '1.0.13',
25 silly addNameRange     '1.0.14',
25 silly addNameRange     '1.0.15',
25 silly addNameRange     '1.0.16',
25 silly addNameRange     '1.0.17',
25 silly addNameRange     '1.1.0-beta1',
25 silly addNameRange     '1.1.0-beta2',
25 silly addNameRange     '1.1.0-beta3',
25 silly addNameRange     '1.1.0-beta4',
25 silly addNameRange     '1.1.0-beta5',
25 silly addNameRange     '1.1.0-beta6',
25 silly addNameRange     '1.1.0',
25 silly addNameRange     '1.1.1-beta1',
25 silly addNameRange     '1.1.1-beta2',
25 silly addNameRange     '1.1.1-beta3',
25 silly addNameRange     '1.1.1',
25 silly addNameRange     '1.1.3',
25 silly addNameRange     '1.1.4',
25 silly addNameRange     '1.1.5-beta1',
25 silly addNameRange     '1.1.5-beta2',
25 silly addNameRange     '1.1.5-beta3',
25 silly addNameRange     '1.1.5-beta4',
25 silly addNameRange     '1.1.5-beta5',
25 silly addNameRange     '1.1.5',
25 silly addNameRange     '1.1.6',
25 silly addNameRange     '1.1.7-beta1',
25 silly addNameRange     '1.1.7',
25 silly addNameRange     '1.1.8-beta1',
25 silly addNameRange     '1.1.8-beta2',
25 silly addNameRange     '1.1.8-beta3',
25 silly addNameRange     '1.1.8-beta4',
25 silly addNameRange     '1.1.8-beta5',
25 silly addNameRange     '1.1.8',
25 silly addNameRange     '1.1.9-beta1',
25 silly addNameRange     '1.1.9',
25 silly addNameRange     '1.1.10',
25 silly addNameRange     '1.1.11-beta1',
25 silly addNameRange     '1.1.11-beta2',
25 silly addNameRange     '1.1.11',
25 silly addNameRange     '1.1.12-beta1',
25 silly addNameRange     '1.1.12-beta2',
25 silly addNameRange     '1.1.12-beta3',
25 silly addNameRange     '1.1.12',
25 silly addNameRange     '1.1.13',
25 silly addNameRange     '1.1.14-beta1',
25 silly addNameRange     '1.1.14-beta2',
25 silly addNameRange     '1.1.14-beta3',
25 silly addNameRange     '1.2.0-beta1',
25 silly addNameRange     '1.2.0',
25 silly addNameRange     '1.2.1-beta1',
25 silly addNameRange     '1.2.1-beta2',
25 silly addNameRange     '1.2.1-beta3',
25 silly addNameRange     '1.2.1-beta4',
25 silly addNameRange     '1.2.1',
25 silly addNameRange     '1.2.2',
25 silly addNameRange     '1.2.3-beta1',
25 silly addNameRange     '1.2.3-beta2',
25 silly addNameRange     '1.2.3-beta3',
25 silly addNameRange     '1.2.3',
25 silly addNameRange     '1.2.4-beta1',
25 silly addNameRange     '1.2.4-beta2',
25 silly addNameRange     '1.2.4-beta3',
25 silly addNameRange     '1.2.4',
25 silly addNameRange     '1.2.5-beta1',
25 silly addNameRange     '1.2.5-beta2',
25 silly addNameRange     '1.2.5-beta3',
25 silly addNameRange     '1.2.5',
25 silly addNameRange     '1.2.6-beta1',
25 silly addNameRange     '1.2.6-beta2',
25 silly addNameRange     '1.2.6-beta3',
25 silly addNameRange     '1.2.6',
25 silly addNameRange     '1.2.7',
25 silly addNameRange     '1.2.8-beta1',
25 silly addNameRange     '1.2.8-beta2',
25 silly addNameRange     '1.2.8',
25 silly addNameRange     '1.2.9',
25 silly addNameRange     '1.2.10',
25 silly addNameRange     '1.2.11',
25 silly addNameRange     '1.2.12',
25 silly addNameRange     '1.2.13',
25 silly addNameRange     '1.2.14-beta1',
25 silly addNameRange     '1.2.14-beta2',
25 silly addNameRange     '1.2.14-beta3',
25 silly addNameRange     '1.2.14-beta4',
25 silly addNameRange     '1.2.14-beta5',
25 silly addNameRange     '1.2.14-beta6',
25 silly addNameRange     '1.2.14',
25 silly addNameRange     '1.3.0-beta1',
25 silly addNameRange     '1.3.0',
25 silly addNameRange     '1.3.1',
25 silly addNameRange     '1.3.2',
25 silly addNameRange     '1.3.3',
25 silly addNameRange     '1.3.4',
25 silly addNameRange     '1.3.5',
25 silly addNameRange     '1.3.6',
25 silly addNameRange     '1.3.7',
25 silly addNameRange     '1.3.8',
25 silly addNameRange     '1.3.9',
25 silly addNameRange     '1.3.10',
25 silly addNameRange     '1.4.0-alpha.1',
25 silly addNameRange     '1.3.11',
25 silly addNameRange     '1.3.1-1.alpha.0',
25 silly addNameRange     '1.4.0-alpha.2',
25 silly addNameRange     '1.3.12',
25 silly addNameRange     '1.3.12-beta.1',
25 silly addNameRange     '1.3.12-beta.2',
25 silly addNameRange     '1.3.13-beta.0',
25 silly addNameRange     '1.3.1-3.beta.1',
25 silly addNameRange     '1.3.1-3.beta.2',
25 silly addNameRange     '1.3.13',
25 silly addNameRange     '1.3.1-3.beta.4',
25 silly addNameRange     '1.3.14-beta',
25 silly addNameRange     '1.3.14-beta.1',
25 silly addNameRange     '1.4.0-alpha.3',
25 silly addNameRange     '1.3.14',
25 silly addNameRange     '1.4.0-alpha.4',
25 silly addNameRange     '1.4.0-alpha.5',
25 silly addNameRange     '1.3.15-beta.0',
25 silly addNameRange     '1.3.15-beta.1',
25 silly addNameRange     '1.3.15-beta.2',
25 silly addNameRange     '1.3.15-beta.3',
25 silly addNameRange     '1.3.15-beta.4',
25 silly addNameRange     '1.3.15',
25 silly addNameRange     '1.3.16',
25 silly addNameRange     '1.4.0-alpha.6',
25 silly addNameRange     '1.3.17-beta.0',
25 silly addNameRange     '1.3.17-beta.1',
25 silly addNameRange     '1.3.17-beta.2',
25 silly addNameRange     '1.3.17-beta.3',
25 silly addNameRange     '1.3.1-7.beta.4',
25 silly addNameRange     '1.3.17',
25 silly addNameRange     '1.3.18-beta.0',
25 silly addNameRange     '1.3.18-beta.1',
25 silly addNameRange     '1.3.18-beta.2',
25 silly addNameRange     '1.3.18-beta.3',
25 silly addNameRange     '1.3.18',
25 silly addNameRange     '1.3.19-beta.0',
25 silly addNameRange     '1.3.19-beta.1',
25 silly addNameRange     '1.3.19-beta.2',
25 silly addNameRange     '1.3.19-beta.3',
25 silly addNameRange     '1.3.19-beta.4',
25 silly addNameRange     '1.3.19',
25 silly addNameRange     '1.3.20',
25 silly addNameRange     '1.4.1-beta.0',
25 silly addNameRange     '1.4.0-beta.1',
25 silly addNameRange     '1.4.0-beta.2',
25 silly addNameRange     '1.4.0-beta.3',
25 silly addNameRange     '1.4.0-beta.5',
25 silly addNameRange     '1.4.0-beta.6',
25 silly addNameRange     '1.4.0-beta.7',
25 silly addNameRange     '1.3.21-beta.0',
25 silly addNameRange     '1.3.21-beta.1',
25 silly addNameRange     '1.3.21',
25 silly addNameRange     '1.3.22',
25 silly addNameRange     '1.4.0-beta.8',
25 silly addNameRange     '1.4.0-beta.9',
25 silly addNameRange     '1.4.0-beta.10',
25 silly addNameRange     '1.4.0-beta.11',
25 silly addNameRange     '1.4.0-beta.12',
25 silly addNameRange     '1.4.0-beta.13',
25 silly addNameRange     '1.4.0-beta.14',
25 silly addNameRange     '1.4.0-beta.15',
25 silly addNameRange     '1.4.0-beta.16',
25 silly addNameRange     '1.4.0-beta.17',
25 silly addNameRange     '1.4.0-beta.18',
25 silly addNameRange     '1.4.0',
25 silly addNameRange     '1.4.1',
25 silly addNameRange     '1.4.2',
25 silly addNameRange     '1.4.3',
25 silly addNameRange     '1.4.4-beta.0',
25 silly addNameRange     '1.4.4-beta.2',
25 silly addNameRange     '1.4.4',
25 silly addNameRange     '1.4.5-beta.0',
25 silly addNameRange     '1.4.5-beta.1',
25 silly addNameRange     '1.4.5-beta.2',
25 silly addNameRange     '1.4.5-beta.3',
25 silly addNameRange     '1.4.5',
25 silly addNameRange     '1.4.6-beta.0',
25 silly addNameRange     '1.4.6',
25 silly addNameRange     '1.4.7',
25 silly addNameRange     '1.4.8',
25 silly addNameRange     '1.5.0-beta.0',
25 silly addNameRange     '1.5.0-beta.1',
25 silly addNameRange     '1.5.0',
25 silly addNameRange     '1.5.1-beta.0',
25 silly addNameRange     '1.5.1-beta.1',
25 silly addNameRange     '1.5.1-beta.2',
25 silly addNameRange     '1.5.1-beta.3',
25 silly addNameRange     '1.5.1-beta.4',
25 silly addNameRange     '1.5.1',
25 silly addNameRange     '1.5.2',
25 silly addNameRange     '1.5.3',
25 silly addNameRange     '1.5.4',
25 silly addNameRange     '1.5.5',
25 silly addNameRange     '1.6.0-beta.1',
25 silly addNameRange     '1.6.0',
25 silly addNameRange     '1.6.1' ] ]
26 verbose addNamed [ 'ionic', '1.6.1' ]
27 verbose addNamed [ '1.6.1', '1.6.1' ]
28 silly lockFile b657aebc-ionic-1-6-1 ionic@1.6.1
29 verbose lock ionic@1.6.1 /home/pinetech/.npm/b657aebc-ionic-1-6-1.lock
30 silly lockFile 2eb8a8ec--npmjs-org-ionic-ionic-1-6-1-tgz https://registry.npmjs.org/ionic/-/ionic-1.6.1.tgz
31 verbose lock https://registry.npmjs.org/ionic/-/ionic-1.6.1.tgz /home/pinetech/.npm/2eb8a8ec--npmjs-org-ionic-ionic-1-6-1-tgz.lock
32 verbose addRemoteTarball [ 'https://registry.npmjs.org/ionic/-/ionic-1.6.1.tgz',
32 verbose addRemoteTarball   'a523c04601dc594bc15ff3913ec5e376ccaafb8b' ]
33 silly lockFile 2eb8a8ec--npmjs-org-ionic-ionic-1-6-1-tgz https://registry.npmjs.org/ionic/-/ionic-1.6.1.tgz
34 silly lockFile 2eb8a8ec--npmjs-org-ionic-ionic-1-6-1-tgz https://registry.npmjs.org/ionic/-/ionic-1.6.1.tgz
35 silly lockFile b657aebc-ionic-1-6-1 ionic@1.6.1
36 silly lockFile b657aebc-ionic-1-6-1 ionic@1.6.1
37 silly lockFile 966fc04a-ionic ionic@
38 silly lockFile 966fc04a-ionic ionic@
39 error Error: EACCES, mkdir '/home/pinetech/tmp/npm-6205-s22HxpUp'
39 error  { [Error: EACCES, mkdir '/home/pinetech/tmp/npm-6205-s22HxpUp']
39 error   errno: 3,
39 error   code: 'EACCES',
39 error   path: '/home/pinetech/tmp/npm-6205-s22HxpUp' }
40 error Please try running this command again as root/Administrator.
41 error System Linux 3.13.0-32-generic
42 error command "/usr/bin/nodejs" "/usr/bin/npm" "install" "-g" "ionic"
43 error cwd /home/pinetech/myappgrocery
44 error node -v v0.10.25
45 error npm -v 1.3.10
46 error path /home/pinetech/tmp/npm-6205-s22HxpUp
47 error code EACCES
48 error errno 3
49 error stack Error: EACCES, mkdir '/home/pinetech/tmp/npm-6205-s22HxpUp'
50 verbose exit [ 3, true ]
